g:\game development stuff\sp2\sp2_new_repo\sp2_new_repo\sp2\common\debug\vc120.pdb
g:\game development stuff\sp2\sp2_new_repo\sp2_new_repo\sp2\common\debug\vc120.idb
g:\game development stuff\sp2\sp2_new_repo\sp2_new_repo\sp2\common\debug\matrixstack.obj
g:\game development stuff\sp2\sp2_new_repo\sp2_new_repo\sp2\common\debug\mtx44.obj
g:\game development stuff\sp2\sp2_new_repo\sp2_new_repo\sp2\common\debug\timer.obj
g:\game development stuff\sp2\sp2_new_repo\sp2_new_repo\sp2\common\debug\vector3.obj
c:\users\steven\desktop\sp2_new_repo\sp2\common\debug\vc120.pdb
c:\users\steven\desktop\sp2_new_repo\sp2\common\debug\vc120.idb
c:\users\steven\desktop\sp2_new_repo\sp2\common\debug\matrixstack.obj
c:\users\steven\desktop\sp2_new_repo\sp2\common\debug\mtx44.obj
c:\users\steven\desktop\sp2_new_repo\sp2\common\debug\timer.obj
c:\users\steven\desktop\sp2_new_repo\sp2\common\debug\vector3.obj
g:\game development stuff\sp2\sp2_new_repo\sp2_new_repo\sp2\debug\common.lib
c:\users\steven\desktop\sp2_new_repo\sp2\debug\common.lib
c:\users\steven\desktop\sp2_new_repo\sp2\common\debug\common.tlog\cl.command.1.tlog
c:\users\steven\desktop\sp2_new_repo\sp2\common\debug\common.tlog\cl.read.1.tlog
c:\users\steven\desktop\sp2_new_repo\sp2\common\debug\common.tlog\cl.write.1.tlog
c:\users\steven\desktop\sp2_new_repo\sp2\common\debug\common.tlog\lib-link.read.1.tlog
c:\users\steven\desktop\sp2_new_repo\sp2\common\debug\common.tlog\lib-link.write.1.tlog
c:\users\steven\desktop\sp2_new_repo\sp2\common\debug\common.tlog\lib.command.1.tlog
