Build started 3/1/2017 10:16:21 AM.
     1>Project "C:\Users\162865W\Documents\SP2_new_repo\SP2\Application\Application.vcxproj" on node 2 (Build target(s)).
     1>ClCompile:
         C:\Program Files (x86)\Microsoft Visual Studio 12.0\VC\bin\CL.exe /c /IC:\Users\162865W\Documents\SP2_new_repo\SP2\\glew\include /IC:\Users\162865W\Documents\SP2_new_repo\SP2\\glfw\include /IC:\Users\162865W\Documents\SP2_new_repo\SP2\\Common\Source /ZI /nologo /W3 /WX- /sdl /Od /Oy- /D WIN32 /D _DEBUG /D _CONSOLE /D _LIB /D _UNICODE /D UNICODE /Gm /EHsc /RTC1 /MDd /GS /fp:precise /Zc:wchar_t /Zc:forScope /Fo"Debug\\" /Fd"Debug\vc120.pdb" /Gd /TP /analyze- /errorReport:prompt Source\Application.cpp Source\Bismuth.cpp Source\Building.cpp Source\Camera.cpp Source\Camera2.cpp Source\Camera3.cpp Source\Cube.cpp Source\Enemy.cpp Source\enemyShip.cpp Source\Func_AABB.cpp Source\GalaxyGenerate.cpp Source\GameObject.cpp Source\Hull.cpp Source\InventoryCamera.cpp Source\Iron.cpp Source\Item.cpp Source\LandGenerate.cpp Source\LoadOBJ.cpp Source\LoadTGA.cpp Source\main.cpp Source\Mesh.cpp Source\MeshBuilder.cpp Source\Missile.cpp Source\Mithril.cpp Source\MouseControl.cpp Source\Node.cpp Source\NPC.cpp Source\ObjectFactory.cpp Source\ObjectRender.cpp Source\playerShip.cpp Source\PowerPlant.cpp Source\Projectile.cpp Source\Randomise.cpp Source\Rock.cpp Source\SceneManager.cpp Source\shader.cpp Source\Shield.cpp Source\ship.cpp Source\StudioProject.cpp Source\Thruster.cpp Source\Titanium.cpp Source\Tree.cpp Source\Utility.cpp Source\Weapon.cpp
         Weapon.cpp
     1>c1xx : fatal error C1083: Cannot open source file: 'Source\Weapon.cpp': No such file or directory
         Utility.cpp
     1>c1xx : fatal error C1083: Cannot open source file: 'Source\Utility.cpp': No such file or directory
         Tree.cpp
     1>c:\users\162865w\documents\sp2_new_repo\sp2\application\source\studioproject.h(7): fatal error C1083: Cannot open include file: 'Camera2.h': No such file or directory
         Titanium.cpp
     1>c:\users\162865w\documents\sp2_new_repo\sp2\application\source\studioproject.h(7): fatal error C1083: Cannot open include file: 'Camera2.h': No such file or directory
         Thruster.cpp
     1>c1xx : fatal error C1083: Cannot open source file: 'Source\Thruster.cpp': No such file or directory
         StudioProject.cpp
     1>c:\users\162865w\documents\sp2_new_repo\sp2\application\source\studioproject.h(7): fatal error C1083: Cannot open include file: 'Camera2.h': No such file or directory
         ship.cpp
     1>c1xx : fatal error C1083: Cannot open source file: 'Source\ship.cpp': No such file or directory
         Shield.cpp
     1>c1xx : fatal error C1083: Cannot open source file: 'Source\Shield.cpp': No such file or directory
         shader.cpp
     1>c1xx : fatal error C1083: Cannot open source file: 'Source\shader.cpp': No such file or directory
         SceneManager.cpp
     1>c:\users\162865w\documents\sp2_new_repo\sp2\application\source\scenemanager.h(5): fatal error C1083: Cannot open include file: 'Application.h': No such file or directory
         Rock.cpp
     1>c:\users\162865w\documents\sp2_new_repo\sp2\application\source\studioproject.h(7): fatal error C1083: Cannot open include file: 'Camera2.h': No such file or directory
         Randomise.cpp
     1>c1xx : fatal error C1083: Cannot open source file: 'Source\Randomise.cpp': No such file or directory
         Projectile.cpp
     1>c1xx : fatal error C1083: Cannot open source file: 'Source\Projectile.cpp': No such file or directory
         PowerPlant.cpp
     1>c1xx : fatal error C1083: Cannot open source file: 'Source\PowerPlant.cpp': No such file or directory
         playerShip.cpp
     1>c1xx : fatal error C1083: Cannot open source file: 'Source\playerShip.cpp': No such file or directory
         ObjectRender.cpp
     1>c:\users\162865w\documents\sp2_new_repo\sp2\application\source\objectrender.h(5): fatal error C1083: Cannot open include file: 'Application.h': No such file or directory
         ObjectFactory.cpp
     1>c:\users\162865w\documents\sp2_new_repo\sp2\application\source\objectrender.h(5): fatal error C1083: Cannot open include file: 'Application.h': No such file or directory
         NPC.cpp
     1>c:\users\162865w\documents\sp2_new_repo\sp2\application\source\studioproject.h(7): fatal error C1083: Cannot open include file: 'Camera2.h': No such file or directory
         Node.cpp
     1>c:\users\162865w\documents\sp2_new_repo\sp2\application\source\node.cpp(59): warning C4244: 'return' : conversion from 'float' to 'int', possible loss of data
     1>c:\users\162865w\documents\sp2_new_repo\sp2\application\source\node.cpp(64): warning C4244: 'return' : conversion from 'float' to 'int', possible loss of data
     1>c:\users\162865w\documents\sp2_new_repo\sp2\application\source\node.cpp(69): warning C4244: 'return' : conversion from 'float' to 'int', possible loss of data
     1>c:\users\162865w\documents\sp2_new_repo\sp2\application\source\node.cpp(74): warning C4244: 'return' : conversion from 'float' to 'int', possible loss of data
     1>c:\users\162865w\documents\sp2_new_repo\sp2\application\source\node.cpp(79): warning C4244: 'return' : conversion from 'float' to 'int', possible loss of data
     1>c:\users\162865w\documents\sp2_new_repo\sp2\application\source\node.cpp(84): warning C4244: '=' : conversion from 'int' to 'float', possible loss of data
     1>c:\users\162865w\documents\sp2_new_repo\sp2\application\source\node.cpp(85): warning C4244: '=' : conversion from 'int' to 'float', possible loss of data
         MouseControl.cpp
     1>c:\users\162865w\documents\sp2_new_repo\sp2\application\source\mousecontrol.h(4): fatal error C1083: Cannot open include file: 'Application.h': No such file or directory
         Generating Code...
         Compiling...
         Mithril.cpp
     1>c:\users\162865w\documents\sp2_new_repo\sp2\application\source\studioproject.h(7): fatal error C1083: Cannot open include file: 'Camera2.h': No such file or directory
         Missile.cpp
     1>c:\users\162865w\documents\sp2_new_repo\sp2\application\source\missile.h(4): fatal error C1083: Cannot open include file: 'Projectile.h': No such file or directory
         MeshBuilder.cpp
     1>c:\users\162865w\documents\sp2_new_repo\sp2\application\source\meshbuilder.h(5): fatal error C1083: Cannot open include file: 'Vertex.h': No such file or directory
         Mesh.cpp
     1>c:\users\162865w\documents\sp2_new_repo\sp2\application\source\mesh.cpp(4): fatal error C1083: Cannot open include file: 'Vertex.h': No such file or directory
         main.cpp
     1>c:\users\162865w\documents\sp2_new_repo\sp2\application\source\main.cpp(2): fatal error C1083: Cannot open include file: 'Application.h': No such file or directory
         LoadTGA.cpp
         LoadOBJ.cpp
     1>c1xx : fatal error C1083: Cannot open source file: 'Source\LoadOBJ.cpp': No such file or directory
         LandGenerate.cpp
     1>c1xx : fatal error C1083: Cannot open source file: 'Source\LandGenerate.cpp': No such file or directory
         Item.cpp
     1>c1xx : fatal error C1083: Cannot open source file: 'Source\Item.cpp': No such file or directory
         Iron.cpp
     1>c:\users\162865w\documents\sp2_new_repo\sp2\application\source\studioproject.h(7): fatal error C1083: Cannot open include file: 'Camera2.h': No such file or directory
         InventoryCamera.cpp
     1>c:\users\162865w\documents\sp2_new_repo\sp2\application\source\inventorycamera.h(4): fatal error C1083: Cannot open include file: 'Camera.h': No such file or directory
         Hull.cpp
     1>c:\users\162865w\documents\sp2_new_repo\sp2\application\source\module.h(7): fatal error C1083: Cannot open include file: 'Randomise.h': No such file or directory
         GameObject.cpp
     1>c1xx : fatal error C1083: Cannot open source file: 'Source\GameObject.cpp': No such file or directory
         GalaxyGenerate.cpp
     1>c1xx : fatal error C1083: Cannot open source file: 'Source\GalaxyGenerate.cpp': No such file or directory
         Func_AABB.cpp
     1>c1xx : fatal error C1083: Cannot open source file: 'Source\Func_AABB.cpp': No such file or directory
         enemyShip.cpp
     1>c:\users\162865w\documents\sp2_new_repo\sp2\application\source\enemyship.h(4): fatal error C1083: Cannot open include file: 'ship.h': No such file or directory
         Enemy.cpp
     1>c:\users\162865w\documents\sp2_new_repo\sp2\application\source\enemy.h(4): fatal error C1083: Cannot open include file: 'AABB.h': No such file or directory
         Cube.cpp
         Camera3.cpp
     1>c1xx : fatal error C1083: Cannot open source file: 'Source\Camera3.cpp': No such file or directory
         Camera2.cpp
     1>c1xx : fatal error C1083: Cannot open source file: 'Source\Camera2.cpp': No such file or directory
         Generating Code...
         Compiling...
         Camera.cpp
     1>c1xx : fatal error C1083: Cannot open source file: 'Source\Camera.cpp': No such file or directory
         Building.cpp
     1>c1xx : fatal error C1083: Cannot open source file: 'Source\Building.cpp': No such file or directory
         Bismuth.cpp
     1>c:\users\162865w\documents\sp2_new_repo\sp2\application\source\studioproject.h(7): fatal error C1083: Cannot open include file: 'Camera2.h': No such file or directory
         Application.cpp
     1>c1xx : fatal error C1083: Cannot open source file: 'Source\Application.cpp': No such file or directory
         Generating Code...
     1>Done Building Project "C:\Users\162865W\Documents\SP2_new_repo\SP2\Application\Application.vcxproj" (Build target(s)) -- FAILED.

Build FAILED.

Time Elapsed 00:00:03.23
